Start testing: May 30 13:58 Romance Summer Time
----------------------------------------------------------
1/4 Testing: test_drivers
1/4 Test: test_drivers
Command: "C:/Users/marcu/Documents/GitHub/SpeedyBeeF405-Test/build-host-new/test_drivers.exe"
Directory: C:/Users/marcu/Documents/GitHub/SpeedyBeeF405-Test/build-host-new
"test_drivers" start time: May 30 13:58 Romance Summer Time
Output:
----------------------------------------------------------
test_drivers: all tests passed
<end of output>
Test time =   0.11 sec
----------------------------------------------------------
Test Passed.
"test_drivers" end time: May 30 13:58 Romance Summer Time
"test_drivers" time elapsed: 00:00:00
----------------------------------------------------------

2/4 Testing: test_crc
2/4 Test: test_crc
Command: "C:/Users/marcu/Documents/GitHub/SpeedyBeeF405-Test/build-host-new/test_crc.exe"
Directory: C:/Users/marcu/Documents/GitHub/SpeedyBeeF405-Test/build-host-new
"test_crc" start time: May 30 13:58 Romance Summer Time
Output:
----------------------------------------------------------
test_crc: all tests passed
<end of output>
Test time =   0.04 sec
----------------------------------------------------------
Test Passed.
"test_crc" end time: May 30 13:58 Romance Summer Time
"test_crc" time elapsed: 00:00:00
----------------------------------------------------------

3/4 Testing: test_mahony
3/4 Test: test_mahony
Command: "C:/Users/marcu/Documents/GitHub/SpeedyBeeF405-Test/build-host-new/test_mahony.exe"
Directory: C:/Users/marcu/Documents/GitHub/SpeedyBeeF405-Test/build-host-new
"test_mahony" start time: May 30 13:58 Romance Summer Time
Output:
----------------------------------------------------------
test_mahony: all tests passed
<end of output>
Test time =   0.05 sec
----------------------------------------------------------
Test Passed.
"test_mahony" end time: May 30 13:58 Romance Summer Time
"test_mahony" time elapsed: 00:00:00
----------------------------------------------------------

4/4 Testing: test_packets
4/4 Test: test_packets
Command: "C:/Users/marcu/Documents/GitHub/SpeedyBeeF405-Test/build-host-new/test_packets.exe"
Directory: C:/Users/marcu/Documents/GitHub/SpeedyBeeF405-Test/build-host-new
"test_packets" start time: May 30 13:58 Romance Summer Time
Output:
----------------------------------------------------------
test_packets: all tests passed
<end of output>
Test time =   0.04 sec
----------------------------------------------------------
Test Passed.
"test_packets" end time: May 30 13:58 Romance Summer Time
"test_packets" time elapsed: 00:00:00
----------------------------------------------------------

End testing: May 30 13:58 Romance Summer Time
